{
  "RSpec": {
    "coverage": {
      "/Users/FrantzLacarriere/Development/code/tic-tac-toe-rb-immersive-alum/lib/tic_tac_toe.rb": [
        1,
        null,
        null,
        null,
        null,
        null,
        null,
        null,
        null,
        null,
        null,
        1,
        23,
        23,
        23,
        23,
        23,
        null,
        null,
        1,
        47,
        null,
        null,
        1,
        23,
        null,
        null,
        1,
        26,
        null,
        null,
        1,
        24,
        24,
        null,
        null,
        1,
        21,
        21,
        null,
        21,
        1,
        null,
        null,
        21,
        21,
        null,
        null,
        1,
        230,
        null,
        null,
        1,
        22,
        null,
        null,
        1,
        41,
        434,
        571,
        null,
        null,
        null,
        1,
        176,
        null,
        null,
        1,
        19,
        null,
        null,
        1,
        22,
        null,
        null,
        1,
        18,
        18,
        null,
        null,
        1,
        12,
        18,
        null,
        null,
        null,
        null,
        null,
        null,
        12,
        null,
        null,
        null,
        null,
        null,
        null,
        null,
        null,
        null,
        null,
        null,
        null,
        null,
        null,
        null,
        null,
        null,
        null,
        null,
        null,
        null,
        null,
        null,
        null,
        null,
        null,
        null,
        null,
        null,
        null,
        null,
        null,
        null,
        null,
        null,
        null,
        null,
        null
      ]
    },
    "timestamp": 1465262737
  }
}
